0 info it worked if it ends with ok
1 verbose cli [ '/usr/local/bin/node',
1 verbose cli   '/usr/local/bin/npm',
1 verbose cli   'run-script',
1 verbose cli   'expose' ]
2 info using npm@3.10.10
3 info using node@v6.9.5
4 verbose run-script [ 'preexpose', 'expose', 'postexpose' ]
5 info lifecycle graphql-ts@0.0.7~preexpose: graphql-ts@0.0.7
6 silly lifecycle graphql-ts@0.0.7~preexpose: no script for preexpose, continuing
7 info lifecycle graphql-ts@0.0.7~expose: graphql-ts@0.0.7
8 verbose lifecycle graphql-ts@0.0.7~expose: unsafe-perm in lifecycle true
9 verbose lifecycle graphql-ts@0.0.7~expose: PATH: /usr/local/lib/node_modules/npm/bin/node-gyp-bin:/Users/nicolas/Documents/git/graphql-ts/node_modules/.bin:/usr/local/bin:/usr/bin:/bin:/usr/sbin:/sbin:/usr/local/share/dotnet
10 verbose lifecycle graphql-ts@0.0.7~expose: CWD: /Users/nicolas/Documents/git/graphql-ts
11 silly lifecycle graphql-ts@0.0.7~expose: Args: [ '-c', 'tsc && node exemple/expose/index.js' ]
12 silly lifecycle graphql-ts@0.0.7~expose: Returned: code: 2  signal: null
13 info lifecycle graphql-ts@0.0.7~expose: Failed to exec expose script
14 verbose stack Error: graphql-ts@0.0.7 expose: `tsc && node exemple/expose/index.js`
14 verbose stack Exit status 2
14 verbose stack     at EventEmitter.<anonymous> (/usr/local/lib/node_modules/npm/lib/utils/lifecycle.js:255:16)
14 verbose stack     at emitTwo (events.js:106:13)
14 verbose stack     at EventEmitter.emit (events.js:191:7)
14 verbose stack     at ChildProcess.<anonymous> (/usr/local/lib/node_modules/npm/lib/utils/spawn.js:40:14)
14 verbose stack     at emitTwo (events.js:106:13)
14 verbose stack     at ChildProcess.emit (events.js:191:7)
14 verbose stack     at maybeClose (internal/child_process.js:877:16)
14 verbose stack     at Process.ChildProcess._handle.onexit (internal/child_process.js:226:5)
15 verbose pkgid graphql-ts@0.0.7
16 verbose cwd /Users/nicolas/Documents/git/graphql-ts
17 error Darwin 16.0.0
18 error argv "/usr/local/bin/node" "/usr/local/bin/npm" "run-script" "expose"
19 error node v6.9.5
20 error npm  v3.10.10
21 error code ELIFECYCLE
22 error graphql-ts@0.0.7 expose: `tsc && node exemple/expose/index.js`
22 error Exit status 2
23 error Failed at the graphql-ts@0.0.7 expose script 'tsc && node exemple/expose/index.js'.
23 error Make sure you have the latest version of node.js and npm installed.
23 error If you do, this is most likely a problem with the graphql-ts package,
23 error not with npm itself.
23 error Tell the author that this fails on your system:
23 error     tsc && node exemple/expose/index.js
23 error You can get information on how to open an issue for this project with:
23 error     npm bugs graphql-ts
23 error Or if that isn't available, you can get their info via:
23 error     npm owner ls graphql-ts
23 error There is likely additional logging output above.
24 verbose exit [ 1, true ]
